<?xml version="1.0" encoding="UTF-8"?>
<Site BuildName="Linux-g++"
	BuildStamp="20230913-1227-Experimental"
	Name="luis-System-Product-Name"
	Generator="ctest-3.22.1"
	CompilerName="/usr/bin/g++"
	CompilerVersion="11.4.0"
	OSName="Linux"
	Hostname="luis-System-Product-Name"
	OSRelease="6.2.0-32-generic"
	OSVersion="#32~22.04.1-Ubuntu SMP PREEMPT_DYNAMIC Fri Aug 18 10:40:13 UTC 2"
	OSPlatform="x86_64"
	Is64Bits="1"
	VendorString="GenuineIntel"
	VendorID="Intel Corporation"
	FamilyID="6"
	ModelID="151"
	ProcessorCacheSize="18432"
	NumberOfLogicalCPU="12"
	NumberOfPhysicalCPU="6"
	TotalVirtualMemory="2047"
	TotalPhysicalMemory="31899"
	LogicalProcessorsPerPhysical="2"
	ProcessorClockFrequency="2480.36"
	>
	<Testing>
		<StartDateTime>Sep 13 19:25 -03</StartDateTime>
		<StartTestTime>1694643910</StartTestTime>
		<TestList/>
		<EndDateTime>Sep 13 19:25 -03</EndDateTime>
		<EndTestTime>1694643910</EndTestTime>
		<ElapsedMinutes>0</ElapsedMinutes>
	</Testing>
</Site>
